c:\users\ahmed amin\source\repos\bank_system\bank_system\x64\debug\vc142.pdb
c:\users\ahmed amin\source\repos\bank_system\bank_system\x64\debug\vc142.idb
c:\users\ahmed amin\source\repos\bank_system\bank_system\x64\debug\validation.obj
c:\users\ahmed amin\source\repos\bank_system\bank_system\x64\debug\screen.obj
c:\users\ahmed amin\source\repos\bank_system\bank_system\x64\debug\person.obj
c:\users\ahmed amin\source\repos\bank_system\bank_system\x64\debug\parser.obj
c:\users\ahmed amin\source\repos\bank_system\bank_system\x64\debug\main.obj
c:\users\ahmed amin\source\repos\bank_system\bank_system\x64\debug\filemanager.obj
c:\users\ahmed amin\source\repos\bank_system\bank_system\x64\debug\filehelper.obj
c:\users\ahmed amin\source\repos\bank_system\bank_system\x64\debug\employeemanger.obj
c:\users\ahmed amin\source\repos\bank_system\bank_system\x64\debug\employee.obj
c:\users\ahmed amin\source\repos\bank_system\bank_system\x64\debug\datasourceinterface.obj
c:\users\ahmed amin\source\repos\bank_system\bank_system\x64\debug\clientmanger.obj
c:\users\ahmed amin\source\repos\bank_system\bank_system\x64\debug\client.obj
c:\users\ahmed amin\source\repos\bank_system\bank_system\x64\debug\adminmanger.obj
c:\users\ahmed amin\source\repos\bank_system\bank_system\x64\debug\admin.obj
c:\users\ahmed amin\source\repos\bank_system\x64\debug\bank_system.exe
c:\users\ahmed amin\source\repos\bank_system\bank_system\x64\debug\bank_system.ilk
c:\users\ahmed amin\source\repos\bank_system\x64\debug\bank_system.pdb
c:\users\ahmed amin\source\repos\bank_system\bank_system\x64\debug\bank_system.tlog\cl.command.1.tlog
c:\users\ahmed amin\source\repos\bank_system\bank_system\x64\debug\bank_system.tlog\cl.read.1.tlog
c:\users\ahmed amin\source\repos\bank_system\bank_system\x64\debug\bank_system.tlog\cl.write.1.tlog
c:\users\ahmed amin\source\repos\bank_system\bank_system\x64\debug\bank_system.tlog\link.command.1.tlog
c:\users\ahmed amin\source\repos\bank_system\bank_system\x64\debug\bank_system.tlog\link.read.1.tlog
c:\users\ahmed amin\source\repos\bank_system\bank_system\x64\debug\bank_system.tlog\link.write.1.tlog
